2026-06-28 19:05:57,490 INFO o.a.j.u.JMeterUtils: Setting Locale to en_EN
2026-06-28 19:05:57,499 INFO o.a.j.JMeter: Loading user properties from: /opt/homebrew/Cellar/jmeter/5.6.3/libexec/bin/user.properties
2026-06-28 19:05:57,500 INFO o.a.j.JMeter: Loading system properties from: /opt/homebrew/Cellar/jmeter/5.6.3/libexec/bin/system.properties
2026-06-28 19:05:57,502 INFO o.a.j.JMeter: Copyright (c) 1998-2024 The Apache Software Foundation
2026-06-28 19:05:57,502 INFO o.a.j.JMeter: Version 5.6.3
2026-06-28 19:05:57,502 INFO o.a.j.JMeter: java.version=21.0.9
2026-06-28 19:05:57,502 INFO o.a.j.JMeter: java.vm.name=OpenJDK 64-Bit Server VM
2026-06-28 19:05:57,502 INFO o.a.j.JMeter: os.name=Mac OS X
2026-06-28 19:05:57,502 INFO o.a.j.JMeter: os.arch=aarch64
2026-06-28 19:05:57,502 INFO o.a.j.JMeter: os.version=26.5
2026-06-28 19:05:57,502 INFO o.a.j.JMeter: file.encoding=UTF-8
2026-06-28 19:05:57,503 INFO o.a.j.JMeter: java.awt.headless=true
2026-06-28 19:05:57,503 INFO o.a.j.JMeter: Max memory     =1073741824
2026-06-28 19:05:57,503 INFO o.a.j.JMeter: Available Processors =10
2026-06-28 19:05:57,507 INFO o.a.j.JMeter: Default Locale=English (EN)
2026-06-28 19:05:57,507 INFO o.a.j.JMeter: JMeter  Locale=English (EN)
2026-06-28 19:05:57,507 INFO o.a.j.JMeter: JMeterHome=/opt/homebrew/Cellar/jmeter/5.6.3/libexec
2026-06-28 19:05:57,507 INFO o.a.j.JMeter: user.dir  =/Users/rkhandhadia/.snowflake/cortex/playground/workspace
2026-06-28 19:05:57,507 INFO o.a.j.JMeter: PWD       =/Users/rkhandhadia/.snowflake/cortex/playground/workspace
2026-06-28 19:05:57,510 INFO o.a.j.JMeter: IP: 192.168.0.117 Name: L6WG6YTX66 FullName: 192.168.0.117
2026-06-28 19:05:57,516 INFO o.a.j.s.FileServer: Default base='/Users/rkhandhadia/.snowflake/cortex/playground/workspace'
2026-06-28 19:05:57,517 INFO o.a.j.s.FileServer: Set new base='/Users/rkhandhadia/Documents/RKDBmirrongtest/jmeter'
2026-06-28 19:05:57,583 INFO o.a.j.s.SaveService: Testplan (JMX) version: 2.2. Testlog (JTL) version: 2.2
2026-06-28 19:05:57,599 INFO o.a.j.s.SaveService: Using SaveService properties version 5.0
2026-06-28 19:05:57,600 INFO o.a.j.s.SaveService: Using SaveService properties file encoding UTF-8
2026-06-28 19:05:57,601 INFO o.a.j.s.SaveService: Loading file: /Users/rkhandhadia/Documents/RKDBmirrongtest/jmeter/data_mirroring_perf_test.jmx
2026-06-28 19:05:57,630 INFO o.a.j.JMeter: Creating summariser <summary>
2026-06-28 19:05:57,635 INFO o.a.j.e.StandardJMeterEngine: Running the test!
2026-06-28 19:05:57,635 INFO o.a.j.s.SampleEvent: List of sample_variables: []
2026-06-28 19:05:57,635 INFO o.a.j.s.SampleEvent: List of sample_variables: []
2026-06-28 19:05:57,636 INFO o.a.j.e.u.CompoundVariable: Note: Function class names must contain the string: '.functions.'
2026-06-28 19:05:57,637 INFO o.a.j.e.u.CompoundVariable: Note: Function class names must not contain the string: '.gui.'
2026-06-28 19:05:57,657 INFO o.a.j.r.ClassFinder: Will scan jar /opt/homebrew/Cellar/jmeter/5.6.3/libexec/lib/ext/jmeter-plugins-manager-1.9.jar with filter ExtendsClassFilter [parents=[interface org.apache.jmeter.functions.Function], inner=false, contains=null, notContains=null]. Consider exposing JMeter plugins via META-INF/services, and add JMeter-Skip-Class-Scanning=true manifest attribute so JMeter can skip classfile scanning
2026-06-28 19:05:57,685 INFO o.a.j.r.ClassFinder: Will scan jar /opt/homebrew/Cellar/jmeter/5.6.3/libexec/lib/ext/jmeter-plugins-graphs-basic-2.0.jar with filter ExtendsClassFilter [parents=[interface org.apache.jmeter.functions.Function], inner=false, contains=null, notContains=null]. Consider exposing JMeter plugins via META-INF/services, and add JMeter-Skip-Class-Scanning=true manifest attribute so JMeter can skip classfile scanning
2026-06-28 19:05:57,688 INFO o.a.j.r.ClassFinder: Will scan jar /opt/homebrew/Cellar/jmeter/5.6.3/libexec/lib/ext/jmeter-plugins-tst-2.5.jar with filter ExtendsClassFilter [parents=[interface org.apache.jmeter.functions.Function], inner=false, contains=null, notContains=null]. Consider exposing JMeter plugins via META-INF/services, and add JMeter-Skip-Class-Scanning=true manifest attribute so JMeter can skip classfile scanning
2026-06-28 19:05:57,938 INFO o.a.j.JMeter: Running test (1782687957938)
2026-06-28 19:05:57,946 INFO o.a.j.e.StandardJMeterEngine: Starting ThreadGroup: 1 : 01 - Warm-Up
2026-06-28 19:05:57,946 INFO o.a.j.e.StandardJMeterEngine: Starting 1 threads for group 01 - Warm-Up.
2026-06-28 19:05:57,946 INFO o.a.j.e.StandardJMeterEngine: Thread will continue on error
2026-06-28 19:05:57,946 INFO o.a.j.t.ThreadGroup: Starting thread group... number=1 threads=1 ramp-up=0 delayedStart=false
2026-06-28 19:05:57,947 INFO o.a.j.t.ThreadGroup: Started thread group number 1
2026-06-28 19:05:57,948 INFO o.a.j.e.StandardJMeterEngine: Starting ThreadGroup: 2 : 02 - INSERT Benchmark (50 threads x 120s)
2026-06-28 19:05:57,948 INFO o.a.j.e.StandardJMeterEngine: Starting 50 threads for group 02 - INSERT Benchmark (50 threads x 120s).
2026-06-28 19:05:57,948 INFO o.a.j.e.StandardJMeterEngine: Thread will continue on error
2026-06-28 19:05:57,948 INFO o.a.j.t.ThreadGroup: Starting thread group... number=2 threads=50 ramp-up=10 delayedStart=false
2026-06-28 19:05:57,949 INFO o.a.j.t.JMeterThread: Thread started: 01 - Warm-Up 1-1
2026-06-28 19:05:57,955 INFO o.a.j.t.ThreadGroup: Started thread group number 2
2026-06-28 19:05:57,955 INFO o.a.j.e.StandardJMeterEngine: Starting ThreadGroup: 3 : 03 - UPDATE Benchmark (50 threads x 120s)
2026-06-28 19:05:57,955 INFO o.a.j.e.StandardJMeterEngine: Starting 50 threads for group 03 - UPDATE Benchmark (50 threads x 120s).
2026-06-28 19:05:57,955 INFO o.a.j.e.StandardJMeterEngine: Thread will continue on error
2026-06-28 19:05:57,955 INFO o.a.j.t.ThreadGroup: Starting thread group... number=3 threads=50 ramp-up=10 delayedStart=false
2026-06-28 19:05:57,957 INFO o.a.j.t.JMeterThread: Thread started: 02 - INSERT Benchmark (50 threads x 120s) 2-1
2026-06-28 19:05:57,962 INFO o.a.j.s.SampleResult: Note: Sample TimeStamps are START times
2026-06-28 19:05:57,962 INFO o.a.j.s.SampleResult: sampleresult.default.encoding is set to UTF-8
2026-06-28 19:05:57,962 INFO o.a.j.s.SampleResult: sampleresult.useNanoTime=true
2026-06-28 19:05:57,962 INFO o.a.j.s.SampleResult: sampleresult.nanoThreadSleep=5000
2026-06-28 19:05:57,962 INFO o.a.j.t.ThreadGroup: Started thread group number 3
2026-06-28 19:05:57,963 INFO o.a.j.e.StandardJMeterEngine: All thread groups have been started
2026-06-28 19:05:58,156 INFO o.a.j.t.JMeterThread: Thread started: 02 - INSERT Benchmark (50 threads x 120s) 2-2
2026-06-28 19:05:58,368 INFO o.a.j.t.JMeterThread: Thread started: 02 - INSERT Benchmark (50 threads x 120s) 2-3
2026-06-28 19:05:58,557 INFO o.a.j.t.JMeterThread: Thread started: 02 - INSERT Benchmark (50 threads x 120s) 2-4
2026-06-28 19:05:58,768 INFO o.a.j.t.JMeterThread: Thread started: 02 - INSERT Benchmark (50 threads x 120s) 2-5
2026-06-28 19:05:58,968 INFO o.a.j.t.JMeterThread: Thread started: 02 - INSERT Benchmark (50 threads x 120s) 2-6
2026-06-28 19:05:59,158 INFO o.a.j.t.JMeterThread: Thread started: 02 - INSERT Benchmark (50 threads x 120s) 2-7
2026-06-28 19:05:59,364 INFO o.a.j.t.JMeterThread: Thread started: 02 - INSERT Benchmark (50 threads x 120s) 2-8
2026-06-28 19:05:59,565 INFO o.a.j.t.JMeterThread: Thread started: 02 - INSERT Benchmark (50 threads x 120s) 2-9
2026-06-28 19:05:59,768 INFO o.a.j.t.JMeterThread: Thread started: 02 - INSERT Benchmark (50 threads x 120s) 2-10
2026-06-28 19:05:59,968 INFO o.a.j.t.JMeterThread: Thread started: 02 - INSERT Benchmark (50 threads x 120s) 2-11
2026-06-28 19:06:00,150 INFO o.a.j.r.Summariser: summary +      3 in 00:00:02 =    1.4/s Avg:  1000 Min:   599 Max:  1381 Err:     3 (100.00%) Active: 12 Started: 12 Finished: 0
2026-06-28 19:06:00,165 INFO o.a.j.t.JMeterThread: Thread started: 02 - INSERT Benchmark (50 threads x 120s) 2-12
2026-06-28 19:06:00,368 INFO o.a.j.t.JMeterThread: Thread started: 02 - INSERT Benchmark (50 threads x 120s) 2-13
2026-06-28 19:06:00,564 INFO o.a.j.t.JMeterThread: Thread started: 02 - INSERT Benchmark (50 threads x 120s) 2-14
2026-06-28 19:06:00,759 INFO o.a.j.t.JMeterThread: Thread started: 02 - INSERT Benchmark (50 threads x 120s) 2-15
2026-06-28 19:06:00,966 INFO o.a.j.t.JMeterThread: Thread started: 02 - INSERT Benchmark (50 threads x 120s) 2-16
2026-06-28 19:06:01,163 INFO o.a.j.t.JMeterThread: Thread started: 02 - INSERT Benchmark (50 threads x 120s) 2-17
2026-06-28 19:06:01,364 INFO o.a.j.t.JMeterThread: Thread started: 02 - INSERT Benchmark (50 threads x 120s) 2-18
2026-06-28 19:06:01,564 INFO o.a.j.t.JMeterThread: Thread started: 02 - INSERT Benchmark (50 threads x 120s) 2-19
2026-06-28 19:06:01,764 INFO o.a.j.t.JMeterThread: Thread started: 02 - INSERT Benchmark (50 threads x 120s) 2-20
2026-06-28 19:06:01,957 INFO o.a.j.t.JMeterThread: Thread started: 02 - INSERT Benchmark (50 threads x 120s) 2-21
2026-06-28 19:06:02,165 INFO o.a.j.t.JMeterThread: Thread started: 02 - INSERT Benchmark (50 threads x 120s) 2-22
2026-06-28 19:06:02,364 INFO o.a.j.t.JMeterThread: Thread started: 02 - INSERT Benchmark (50 threads x 120s) 2-23
2026-06-28 19:06:02,555 INFO o.a.j.t.JMeterThread: Thread started: 02 - INSERT Benchmark (50 threads x 120s) 2-24
2026-06-28 19:06:02,764 INFO o.a.j.t.JMeterThread: Thread started: 02 - INSERT Benchmark (50 threads x 120s) 2-25
2026-06-28 19:06:02,959 INFO o.a.j.t.JMeterThread: Thread started: 03 - UPDATE Benchmark (50 threads x 120s) 3-1
2026-06-28 19:06:02,959 INFO o.a.j.t.JMeterThread: Thread started: 02 - INSERT Benchmark (50 threads x 120s) 2-26
2026-06-28 19:06:03,160 INFO o.a.j.t.JMeterThread: Thread started: 03 - UPDATE Benchmark (50 threads x 120s) 3-2
2026-06-28 19:06:03,162 INFO o.a.j.t.JMeterThread: Thread started: 02 - INSERT Benchmark (50 threads x 120s) 2-27
2026-06-28 19:06:03,363 INFO o.a.j.t.JMeterThread: Thread started: 02 - INSERT Benchmark (50 threads x 120s) 2-28
2026-06-28 19:06:03,369 INFO o.a.j.t.JMeterThread: Thread started: 03 - UPDATE Benchmark (50 threads x 120s) 3-3
2026-06-28 19:06:03,565 INFO o.a.j.t.JMeterThread: Thread started: 02 - INSERT Benchmark (50 threads x 120s) 2-29
2026-06-28 19:06:03,568 INFO o.a.j.t.JMeterThread: Thread started: 03 - UPDATE Benchmark (50 threads x 120s) 3-4
2026-06-28 19:06:03,761 INFO o.a.j.t.JMeterThread: Thread started: 02 - INSERT Benchmark (50 threads x 120s) 2-30
2026-06-28 19:06:03,774 INFO o.a.j.t.JMeterThread: Thread started: 03 - UPDATE Benchmark (50 threads x 120s) 3-5
2026-06-28 19:06:03,963 INFO o.a.j.t.JMeterThread: Thread started: 02 - INSERT Benchmark (50 threads x 120s) 2-31
2026-06-28 19:06:03,968 INFO o.a.j.t.JMeterThread: Thread started: 03 - UPDATE Benchmark (50 threads x 120s) 3-6
2026-06-28 19:06:04,162 INFO o.a.j.t.JMeterThread: Thread started: 02 - INSERT Benchmark (50 threads x 120s) 2-32
2026-06-28 19:06:04,173 INFO o.a.j.t.JMeterThread: Thread started: 03 - UPDATE Benchmark (50 threads x 120s) 3-7
2026-06-28 19:06:04,357 INFO o.a.j.t.JMeterThread: Thread started: 02 - INSERT Benchmark (50 threads x 120s) 2-33
2026-06-28 19:06:04,362 INFO o.a.j.t.JMeterThread: Thread started: 03 - UPDATE Benchmark (50 threads x 120s) 3-8
2026-06-28 19:06:04,561 INFO o.a.j.t.JMeterThread: Thread started: 02 - INSERT Benchmark (50 threads x 120s) 2-34
2026-06-28 19:06:04,567 INFO o.a.j.t.JMeterThread: Thread started: 03 - UPDATE Benchmark (50 threads x 120s) 3-9
2026-06-28 19:06:04,758 INFO o.a.j.t.JMeterThread: Thread started: 02 - INSERT Benchmark (50 threads x 120s) 2-35
2026-06-28 19:06:04,760 INFO o.a.j.t.JMeterThread: Thread started: 03 - UPDATE Benchmark (50 threads x 120s) 3-10
2026-06-28 19:06:04,956 INFO o.a.j.t.JMeterThread: Thread started: 02 - INSERT Benchmark (50 threads x 120s) 2-36
2026-06-28 19:06:04,968 INFO o.a.j.t.JMeterThread: Thread started: 03 - UPDATE Benchmark (50 threads x 120s) 3-11
2026-06-28 19:06:05,162 INFO o.a.j.t.JMeterThread: Thread started: 02 - INSERT Benchmark (50 threads x 120s) 2-37
2026-06-28 19:06:05,163 INFO o.a.j.t.JMeterThread: Thread started: 03 - UPDATE Benchmark (50 threads x 120s) 3-12
2026-06-28 19:06:05,358 INFO o.a.j.t.JMeterThread: Thread started: 02 - INSERT Benchmark (50 threads x 120s) 2-38
2026-06-28 19:06:05,360 INFO o.a.j.t.JMeterThread: Thread started: 03 - UPDATE Benchmark (50 threads x 120s) 3-13
2026-06-28 19:06:05,554 INFO o.a.j.t.JMeterThread: Thread started: 02 - INSERT Benchmark (50 threads x 120s) 2-39
2026-06-28 19:06:05,563 INFO o.a.j.t.JMeterThread: Thread started: 03 - UPDATE Benchmark (50 threads x 120s) 3-14
2026-06-28 19:06:05,759 INFO o.a.j.t.JMeterThread: Thread started: 02 - INSERT Benchmark (50 threads x 120s) 2-40
2026-06-28 19:06:05,770 INFO o.a.j.t.JMeterThread: Thread started: 03 - UPDATE Benchmark (50 threads x 120s) 3-15
2026-06-28 19:06:05,956 INFO o.a.j.t.JMeterThread: Thread started: 02 - INSERT Benchmark (50 threads x 120s) 2-41
2026-06-28 19:06:05,965 INFO o.a.j.t.JMeterThread: Thread started: 03 - UPDATE Benchmark (50 threads x 120s) 3-16
2026-06-28 19:06:06,160 INFO o.a.j.t.JMeterThread: Thread started: 02 - INSERT Benchmark (50 threads x 120s) 2-42
2026-06-28 19:06:06,162 INFO o.a.j.t.JMeterThread: Thread started: 03 - UPDATE Benchmark (50 threads x 120s) 3-17
2026-06-28 19:06:06,357 INFO o.a.j.t.JMeterThread: Thread started: 02 - INSERT Benchmark (50 threads x 120s) 2-43
2026-06-28 19:06:06,366 INFO o.a.j.t.JMeterThread: Thread started: 03 - UPDATE Benchmark (50 threads x 120s) 3-18
2026-06-28 19:06:06,562 INFO o.a.j.t.JMeterThread: Thread started: 02 - INSERT Benchmark (50 threads x 120s) 2-44
2026-06-28 19:06:06,570 INFO o.a.j.t.JMeterThread: Thread started: 03 - UPDATE Benchmark (50 threads x 120s) 3-19
2026-06-28 19:06:06,762 INFO o.a.j.t.JMeterThread: Thread started: 02 - INSERT Benchmark (50 threads x 120s) 2-45
2026-06-28 19:06:06,773 INFO o.a.j.t.JMeterThread: Thread started: 03 - UPDATE Benchmark (50 threads x 120s) 3-20
2026-06-28 19:06:06,954 INFO o.a.j.t.JMeterThread: Thread started: 02 - INSERT Benchmark (50 threads x 120s) 2-46
2026-06-28 19:06:06,966 INFO o.a.j.t.JMeterThread: Thread started: 03 - UPDATE Benchmark (50 threads x 120s) 3-21
2026-06-28 19:06:07,156 INFO o.a.j.t.JMeterThread: Thread started: 02 - INSERT Benchmark (50 threads x 120s) 2-47
2026-06-28 19:06:07,170 INFO o.a.j.t.JMeterThread: Thread started: 03 - UPDATE Benchmark (50 threads x 120s) 3-22
2026-06-28 19:06:07,358 INFO o.a.j.t.JMeterThread: Thread started: 02 - INSERT Benchmark (50 threads x 120s) 2-48
2026-06-28 19:06:07,367 INFO o.a.j.t.JMeterThread: Thread started: 03 - UPDATE Benchmark (50 threads x 120s) 3-23
2026-06-28 19:06:07,561 INFO o.a.j.t.JMeterThread: Thread started: 02 - INSERT Benchmark (50 threads x 120s) 2-49
2026-06-28 19:06:07,575 INFO o.a.j.t.JMeterThread: Thread started: 03 - UPDATE Benchmark (50 threads x 120s) 3-24
2026-06-28 19:06:07,755 INFO o.a.j.t.JMeterThread: Thread started: 02 - INSERT Benchmark (50 threads x 120s) 2-50
2026-06-28 19:06:07,763 INFO o.a.j.t.JMeterThread: Thread started: 03 - UPDATE Benchmark (50 threads x 120s) 3-25
2026-06-28 19:06:07,966 INFO o.a.j.t.JMeterThread: Thread started: 03 - UPDATE Benchmark (50 threads x 120s) 3-26
2026-06-28 19:06:08,173 INFO o.a.j.t.JMeterThread: Thread started: 03 - UPDATE Benchmark (50 threads x 120s) 3-27
2026-06-28 19:06:08,369 INFO o.a.j.t.JMeterThread: Thread started: 03 - UPDATE Benchmark (50 threads x 120s) 3-28
2026-06-28 19:06:08,566 INFO o.a.j.t.JMeterThread: Thread started: 03 - UPDATE Benchmark (50 threads x 120s) 3-29
2026-06-28 19:06:08,771 INFO o.a.j.t.JMeterThread: Thread started: 03 - UPDATE Benchmark (50 threads x 120s) 3-30
2026-06-28 19:06:08,962 INFO o.a.j.t.JMeterThread: Thread started: 03 - UPDATE Benchmark (50 threads x 120s) 3-31
2026-06-28 19:06:09,167 INFO o.a.j.t.JMeterThread: Thread started: 03 - UPDATE Benchmark (50 threads x 120s) 3-32
2026-06-28 19:06:09,373 INFO o.a.j.t.JMeterThread: Thread started: 03 - UPDATE Benchmark (50 threads x 120s) 3-33
2026-06-28 19:06:09,564 INFO o.a.j.t.JMeterThread: Thread started: 03 - UPDATE Benchmark (50 threads x 120s) 3-34
2026-06-28 19:06:09,773 INFO o.a.j.t.JMeterThread: Thread started: 03 - UPDATE Benchmark (50 threads x 120s) 3-35
2026-06-28 19:06:09,971 INFO o.a.j.t.JMeterThread: Thread started: 03 - UPDATE Benchmark (50 threads x 120s) 3-36
2026-06-28 19:06:10,172 INFO o.a.j.t.JMeterThread: Thread started: 03 - UPDATE Benchmark (50 threads x 120s) 3-37
2026-06-28 19:06:10,366 INFO o.a.j.t.JMeterThread: Thread started: 03 - UPDATE Benchmark (50 threads x 120s) 3-38
2026-06-28 19:06:10,568 INFO o.a.j.t.JMeterThread: Thread started: 03 - UPDATE Benchmark (50 threads x 120s) 3-39
2026-06-28 19:06:10,763 INFO o.a.j.t.JMeterThread: Thread started: 03 - UPDATE Benchmark (50 threads x 120s) 3-40
2026-06-28 19:06:10,969 INFO o.a.j.t.JMeterThread: Thread started: 03 - UPDATE Benchmark (50 threads x 120s) 3-41
2026-06-28 19:06:11,164 INFO o.a.j.t.JMeterThread: Thread started: 03 - UPDATE Benchmark (50 threads x 120s) 3-42
2026-06-28 19:06:11,371 INFO o.a.j.t.JMeterThread: Thread started: 03 - UPDATE Benchmark (50 threads x 120s) 3-43
2026-06-28 19:06:11,566 INFO o.a.j.t.JMeterThread: Thread started: 03 - UPDATE Benchmark (50 threads x 120s) 3-44
2026-06-28 19:06:11,766 INFO o.a.j.t.JMeterThread: Thread started: 03 - UPDATE Benchmark (50 threads x 120s) 3-45
2026-06-28 19:06:11,966 INFO o.a.j.t.JMeterThread: Thread started: 03 - UPDATE Benchmark (50 threads x 120s) 3-46
2026-06-28 19:06:12,164 INFO o.a.j.t.JMeterThread: Thread started: 03 - UPDATE Benchmark (50 threads x 120s) 3-47
2026-06-28 19:06:12,370 INFO o.a.j.t.JMeterThread: Thread started: 03 - UPDATE Benchmark (50 threads x 120s) 3-48
2026-06-28 19:06:12,564 INFO o.a.j.t.JMeterThread: Thread started: 03 - UPDATE Benchmark (50 threads x 120s) 3-49
2026-06-28 19:06:12,766 INFO o.a.j.t.JMeterThread: Thread started: 03 - UPDATE Benchmark (50 threads x 120s) 3-50
2026-06-28 19:06:30,603 INFO o.a.j.r.Summariser: summary +     44 in 00:00:30 =    1.4/s Avg:  9627 Min:   701 Max: 19035 Err:    44 (100.00%) Active: 101 Started: 101 Finished: 0
2026-06-28 19:06:30,605 INFO o.a.j.r.Summariser: summary =     47 in 00:00:33 =    1.4/s Avg:  9076 Min:   599 Max: 19035 Err:    47 (100.00%)
2026-06-28 19:06:48,759 INFO o.a.j.r.ResultCollector: Shutdown hook started
2026-06-28 19:06:48,760 INFO o.a.j.r.ResultCollector: Shutdown hook ended
